{"/home/dan/web3/pfm-docker/backend/database/connection.js": {"path":"/home/dan/web3/pfm-docker/backend/database/connection.js","statementMap":{"0":{"start":{"line":1,"column":17},"end":{"line":1,"column":30}},"1":{"start":{"line":2,"column":15},"end":{"line":2,"column":44}},"2":{"start":{"line":7,"column":2},"end":{"line":19,"column":5}},"3":{"start":{"line":23,"column":2},"end":{"line":40,"column":5}},"4":{"start":{"line":25,"column":6},"end":{"line":25,"column":26}},"5":{"start":{"line":26,"column":6},"end":{"line":37,"column":11}},"6":{"start":{"line":28,"column":10},"end":{"line":28,"column":27}},"7":{"start":{"line":29,"column":10},"end":{"line":29,"column":24}},"8":{"start":{"line":32,"column":10},"end":{"line":36,"column":11}},"9":{"start":{"line":33,"column":12},"end":{"line":33,"column":52}},"10":{"start":{"line":33,"column":29},"end":{"line":33,"column":43}},"11":{"start":{"line":35,"column":12},"end":{"line":35,"column":24}},"12":{"start":{"line":39,"column":4},"end":{"line":39,"column":21}},"13":{"start":{"line":44,"column":2},"end":{"line":51,"column":3}},"14":{"start":{"line":45,"column":19},"end":{"line":45,"column":39}},"15":{"start":{"line":46,"column":4},"end":{"line":46,"column":35}},"16":{"start":{"line":47,"column":4},"end":{"line":47,"column":21}},"17":{"start":{"line":48,"column":4},"end":{"line":48,"column":16}},"18":{"start":{"line":50,"column":4},"end":{"line":50,"column":17}},"19":{"start":{"line":54,"column":0},"end":{"line":58,"column":2}},"20":{"start":{"line":55,"column":17},"end":{"line":55,"column":21}}},"fnMap":{"0":{"name":"createPool","decl":{"start":{"line":6,"column":9},"end":{"line":6,"column":19}},"loc":{"start":{"line":6,"column":22},"end":{"line":20,"column":1}},"line":6},"1":{"name":"connectWithRetry","decl":{"start":{"line":22,"column":9},"end":{"line":22,"column":25}},"loc":{"start":{"line":22,"column":53},"end":{"line":41,"column":1}},"line":22},"2":{"name":"(anonymous_2)","decl":{"start":{"line":23,"column":21},"end":{"line":23,"column":22}},"loc":{"start":{"line":23,"column":42},"end":{"line":40,"column":3}},"line":23},"3":{"name":"attempt","decl":{"start":{"line":24,"column":13},"end":{"line":24,"column":20}},"loc":{"start":{"line":24,"column":24},"end":{"line":38,"column":5}},"line":24},"4":{"name":"(anonymous_4)","decl":{"start":{"line":27,"column":14},"end":{"line":27,"column":15}},"loc":{"start":{"line":27,"column":24},"end":{"line":30,"column":9}},"line":27},"5":{"name":"(anonymous_5)","decl":{"start":{"line":31,"column":15},"end":{"line":31,"column":16}},"loc":{"start":{"line":31,"column":22},"end":{"line":37,"column":9}},"line":31},"6":{"name":"(anonymous_6)","decl":{"start":{"line":33,"column":23},"end":{"line":33,"column":24}},"loc":{"start":{"line":33,"column":29},"end":{"line":33,"column":43}},"line":33},"7":{"name":"healthCheck","decl":{"start":{"line":43,"column":15},"end":{"line":43,"column":26}},"loc":{"start":{"line":43,"column":29},"end":{"line":52,"column":1}},"line":43},"8":{"name":"(anonymous_8)","decl":{"start":{"line":55,"column":11},"end":{"line":55,"column":12}},"loc":{"start":{"line":55,"column":17},"end":{"line":55,"column":21}},"line":55}},"branchMap":{"0":{"loc":{"start":{"line":13,"column":9},"end":{"line":13,"column":59}},"type":"cond-expr","locations":[{"start":{"line":13,"column":22},"end":{"line":13,"column":51}},{"start":{"line":13,"column":54},"end":{"line":13,"column":59}}],"line":13},"1":{"loc":{"start":{"line":22,"column":26},"end":{"line":22,"column":37}},"type":"default-arg","locations":[{"start":{"line":22,"column":36},"end":{"line":22,"column":37}}],"line":22},"2":{"loc":{"start":{"line":22,"column":39},"end":{"line":22,"column":51}},"type":"default-arg","locations":[{"start":{"line":22,"column":47},"end":{"line":22,"column":51}}],"line":22},"3":{"loc":{"start":{"line":32,"column":10},"end":{"line":36,"column":11}},"type":"if","locations":[{"start":{"line":32,"column":10},"end":{"line":36,"column":11}},{"start":{"line":34,"column":17},"end":{"line":36,"column":11}}],"line":32}},"s":{"0":0,"1":0,"2":0,"3":0,"4":0,"5":0,"6":0,"7":0,"8":0,"9":0,"10":0,"11":0,"12":0,"13":0,"14":0,"15":0,"16":0,"17":0,"18":0,"19":0,"20":0},"f":{"0":0,"1":0,"2":0,"3":0,"4":0,"5":0,"6":0,"7":0,"8":0},"b":{"0":[0,0],"1":[0],"2":[0],"3":[0,0]}}
,"/home/dan/web3/pfm-docker/backend/database/pool.js": {"path":"/home/dan/web3/pfm-docker/backend/database/pool.js","statementMap":{"0":{"start":{"line":1,"column":29},"end":{"line":1,"column":52}},"1":{"start":{"line":3,"column":18},"end":{"line":3,"column":22}},"2":{"start":{"line":6,"column":2},"end":{"line":8,"column":3}},"3":{"start":{"line":7,"column":4},"end":{"line":7,"column":37}},"4":{"start":{"line":9,"column":2},"end":{"line":9,"column":21}},"5":{"start":{"line":12,"column":0},"end":{"line":12,"column":25}}},"fnMap":{"0":{"name":"getPool","decl":{"start":{"line":5,"column":9},"end":{"line":5,"column":16}},"loc":{"start":{"line":5,"column":19},"end":{"line":10,"column":1}},"line":5}},"branchMap":{"0":{"loc":{"start":{"line":6,"column":2},"end":{"line":8,"column":3}},"type":"if","locations":[{"start":{"line":6,"column":2},"end":{"line":8,"column":3}},{"start":{},"end":{}}],"line":6}},"s":{"0":0,"1":0,"2":0,"3":0,"4":0,"5":0},"f":{"0":0},"b":{"0":[0,0]}}
,"/home/dan/web3/pfm-docker/backend/database/seeders/communities.js": {"path":"/home/dan/web3/pfm-docker/backend/database/seeders/communities.js","statementMap":{"0":{"start":{"line":1,"column":22},"end":{"line":1,"column":45}},"1":{"start":{"line":2,"column":23},"end":{"line":2,"column":38}},"2":{"start":{"line":4,"column":26},"end":{"line":27,"column":1}},"3":{"start":{"line":4,"column":39},"end":{"line":27,"column":1}},"4":{"start":{"line":30,"column":22},"end":{"line":30,"column":48}},"5":{"start":{"line":31,"column":2},"end":{"line":31,"column":70}},"6":{"start":{"line":32,"column":2},"end":{"line":32,"column":21}},"7":{"start":{"line":35,"column":0},"end":{"line":35,"column":33}}},"fnMap":{"0":{"name":"(anonymous_0)","decl":{"start":{"line":4,"column":26},"end":{"line":4,"column":27}},"loc":{"start":{"line":4,"column":39},"end":{"line":27,"column":1}},"line":4},"1":{"name":"seedCommunities","decl":{"start":{"line":29,"column":15},"end":{"line":29,"column":30}},"loc":{"start":{"line":29,"column":40},"end":{"line":33,"column":1}},"line":29}},"branchMap":{},"s":{"0":0,"1":0,"2":0,"3":0,"4":0,"5":0,"6":0,"7":0},"f":{"0":0,"1":0},"b":{}}
,"/home/dan/web3/pfm-docker/backend/database/seeders/index.js": {"path":"/home/dan/web3/pfm-docker/backend/database/seeders/index.js","statementMap":{"0":{"start":{"line":1,"column":18},"end":{"line":1,"column":36}},"1":{"start":{"line":2,"column":24},"end":{"line":2,"column":48}},"2":{"start":{"line":3,"column":20},"end":{"line":3,"column":40}},"3":{"start":{"line":4,"column":19},"end":{"line":4,"column":38}},"4":{"start":{"line":5,"column":22},"end":{"line":5,"column":45}},"5":{"start":{"line":8,"column":2},"end":{"line":23,"column":3}},"6":{"start":{"line":9,"column":4},"end":{"line":9,"column":27}},"7":{"start":{"line":10,"column":18},"end":{"line":10,"column":35}},"8":{"start":{"line":11,"column":20},"end":{"line":11,"column":40}},"9":{"start":{"line":11,"column":35},"end":{"line":11,"column":39}},"10":{"start":{"line":12,"column":24},"end":{"line":12,"column":54}},"11":{"start":{"line":13,"column":25},"end":{"line":13,"column":51}},"12":{"start":{"line":13,"column":46},"end":{"line":13,"column":50}},"13":{"start":{"line":14,"column":4},"end":{"line":14,"column":45}},"14":{"start":{"line":15,"column":4},"end":{"line":15,"column":44}},"15":{"start":{"line":17,"column":4},"end":{"line":17,"column":61}},"16":{"start":{"line":19,"column":4},"end":{"line":19,"column":41}},"17":{"start":{"line":20,"column":4},"end":{"line":20,"column":20}},"18":{"start":{"line":22,"column":4},"end":{"line":22,"column":28}},"19":{"start":{"line":26,"column":0},"end":{"line":29,"column":1}},"20":{"start":{"line":27,"column":14},"end":{"line":27,"column":51}},"21":{"start":{"line":28,"column":2},"end":{"line":28,"column":18}},"22":{"start":{"line":31,"column":0},"end":{"line":31,"column":28}}},"fnMap":{"0":{"name":"runSeeders","decl":{"start":{"line":7,"column":15},"end":{"line":7,"column":25}},"loc":{"start":{"line":7,"column":47},"end":{"line":24,"column":1}},"line":7},"1":{"name":"(anonymous_1)","decl":{"start":{"line":11,"column":30},"end":{"line":11,"column":31}},"loc":{"start":{"line":11,"column":35},"end":{"line":11,"column":39}},"line":11},"2":{"name":"(anonymous_2)","decl":{"start":{"line":13,"column":41},"end":{"line":13,"column":42}},"loc":{"start":{"line":13,"column":46},"end":{"line":13,"column":50}},"line":13}},"branchMap":{"0":{"loc":{"start":{"line":7,"column":26},"end":{"line":7,"column":45}},"type":"default-arg","locations":[{"start":{"line":7,"column":32},"end":{"line":7,"column":45}}],"line":7},"1":{"loc":{"start":{"line":26,"column":0},"end":{"line":29,"column":1}},"type":"if","locations":[{"start":{"line":26,"column":0},"end":{"line":29,"column":1}},{"start":{},"end":{}}],"line":26},"2":{"loc":{"start":{"line":27,"column":14},"end":{"line":27,"column":51}},"type":"binary-expr","locations":[{"start":{"line":27,"column":14},"end":{"line":27,"column":34}},{"start":{"line":27,"column":38},"end":{"line":27,"column":51}}],"line":27}},"s":{"0":0,"1":0,"2":0,"3":0,"4":0,"5":0,"6":0,"7":0,"8":0,"9":0,"10":0,"11":0,"12":0,"13":0,"14":0,"15":0,"16":0,"17":0,"18":0,"19":0,"20":0,"21":0,"22":0},"f":{"0":0,"1":0,"2":0},"b":{"0":[0],"1":[0,0],"2":[0,0]}}
,"/home/dan/web3/pfm-docker/backend/database/seeders/members.js": {"path":"/home/dan/web3/pfm-docker/backend/database/seeders/members.js","statementMap":{"0":{"start":{"line":1,"column":19},"end":{"line":1,"column":42}},"1":{"start":{"line":2,"column":23},"end":{"line":2,"column":38}},"2":{"start":{"line":4,"column":22},"end":{"line":40,"column":1}},"3":{"start":{"line":4,"column":49},"end":{"line":40,"column":1}},"4":{"start":{"line":43,"column":18},"end":{"line":43,"column":54}},"5":{"start":{"line":44,"column":2},"end":{"line":44,"column":63}},"6":{"start":{"line":45,"column":2},"end":{"line":45,"column":17}},"7":{"start":{"line":48,"column":0},"end":{"line":48,"column":29}}},"fnMap":{"0":{"name":"(anonymous_0)","decl":{"start":{"line":4,"column":22},"end":{"line":4,"column":23}},"loc":{"start":{"line":4,"column":49},"end":{"line":40,"column":1}},"line":4},"1":{"name":"seedMembers","decl":{"start":{"line":42,"column":15},"end":{"line":42,"column":26}},"loc":{"start":{"line":42,"column":50},"end":{"line":46,"column":1}},"line":42}},"branchMap":{},"s":{"0":0,"1":0,"2":0,"3":0,"4":0,"5":0,"6":0,"7":0},"f":{"0":0,"1":0},"b":{}}
,"/home/dan/web3/pfm-docker/backend/database/seeders/users.js": {"path":"/home/dan/web3/pfm-docker/backend/database/seeders/users.js","statementMap":{"0":{"start":{"line":1,"column":17},"end":{"line":1,"column":40}},"1":{"start":{"line":2,"column":23},"end":{"line":2,"column":38}},"2":{"start":{"line":4,"column":20},"end":{"line":32,"column":1}},"3":{"start":{"line":35,"column":2},"end":{"line":35,"column":65}},"4":{"start":{"line":36,"column":2},"end":{"line":36,"column":21}},"5":{"start":{"line":39,"column":0},"end":{"line":39,"column":27}}},"fnMap":{"0":{"name":"seedUsers","decl":{"start":{"line":34,"column":15},"end":{"line":34,"column":24}},"loc":{"start":{"line":34,"column":27},"end":{"line":37,"column":1}},"line":34}},"branchMap":{},"s":{"0":0,"1":0,"2":0,"3":0,"4":0,"5":0},"f":{"0":0},"b":{}}
,"/home/dan/web3/pfm-docker/backend/database/seeders/voting.js": {"path":"/home/dan/web3/pfm-docker/backend/database/seeders/voting.js","statementMap":{"0":{"start":{"line":1,"column":33},"end":{"line":1,"column":56}},"1":{"start":{"line":2,"column":23},"end":{"line":2,"column":38}},"2":{"start":{"line":4,"column":30},"end":{"line":33,"column":1}},"3":{"start":{"line":4,"column":57},"end":{"line":33,"column":1}},"4":{"start":{"line":35,"column":20},"end":{"line":57,"column":1}},"5":{"start":{"line":35,"column":46},"end":{"line":57,"column":1}},"6":{"start":{"line":60,"column":20},"end":{"line":60,"column":64}},"7":{"start":{"line":61,"column":2},"end":{"line":61,"column":73}},"8":{"start":{"line":62,"column":22},"end":{"line":62,"column":46}},"9":{"start":{"line":62,"column":41},"end":{"line":62,"column":45}},"10":{"start":{"line":63,"column":16},"end":{"line":63,"column":49}},"11":{"start":{"line":64,"column":2},"end":{"line":64,"column":59}},"12":{"start":{"line":65,"column":2},"end":{"line":65,"column":30}},"13":{"start":{"line":68,"column":0},"end":{"line":68,"column":28}}},"fnMap":{"0":{"name":"(anonymous_0)","decl":{"start":{"line":4,"column":30},"end":{"line":4,"column":31}},"loc":{"start":{"line":4,"column":57},"end":{"line":33,"column":1}},"line":4},"1":{"name":"(anonymous_1)","decl":{"start":{"line":35,"column":20},"end":{"line":35,"column":21}},"loc":{"start":{"line":35,"column":46},"end":{"line":57,"column":1}},"line":35},"2":{"name":"seedVoting","decl":{"start":{"line":59,"column":15},"end":{"line":59,"column":25}},"loc":{"start":{"line":59,"column":49},"end":{"line":66,"column":1}},"line":59},"3":{"name":"(anonymous_3)","decl":{"start":{"line":62,"column":36},"end":{"line":62,"column":37}},"loc":{"start":{"line":62,"column":41},"end":{"line":62,"column":45}},"line":62}},"branchMap":{},"s":{"0":0,"1":0,"2":0,"3":0,"4":0,"5":0,"6":0,"7":0,"8":0,"9":0,"10":0,"11":0,"12":0,"13":0},"f":{"0":0,"1":0,"2":0,"3":0},"b":{}}
,"/home/dan/web3/pfm-docker/backend/models/Analytics.js": {"path":"/home/dan/web3/pfm-docker/backend/models/Analytics.js","statementMap":{"0":{"start":{"line":1,"column":22},"end":{"line":1,"column":42}},"1":{"start":{"line":3,"column":0},"end":{"line":30,"column":2}},"2":{"start":{"line":4,"column":20},"end":{"line":28,"column":4}},"3":{"start":{"line":29,"column":2},"end":{"line":29,"column":19}}},"fnMap":{"0":{"name":"(anonymous_0)","decl":{"start":{"line":3,"column":17},"end":{"line":3,"column":18}},"loc":{"start":{"line":3,"column":32},"end":{"line":30,"column":1}},"line":3}},"branchMap":{},"s":{"0":7,"1":7,"2":7,"3":7},"f":{"0":7},"b":{},"_coverageSchema":"1a1c01bbd47fc00a2c39e90264f33305004495a9","hash":"2bd41f28a1466a3626ae24592b3b582152168775"}
,"/home/dan/web3/pfm-docker/backend/models/Community.js": {"path":"/home/dan/web3/pfm-docker/backend/models/Community.js","statementMap":{"0":{"start":{"line":1,"column":22},"end":{"line":1,"column":42}},"1":{"start":{"line":3,"column":0},"end":{"line":226,"column":2}},"2":{"start":{"line":4,"column":20},"end":{"line":84,"column":4}},"3":{"start":{"line":81,"column":8},"end":{"line":81,"column":52}},"4":{"start":{"line":87,"column":2},"end":{"line":89,"column":4}},"5":{"start":{"line":88,"column":4},"end":{"line":88,"column":35}},"6":{"start":{"line":91,"column":2},"end":{"line":99,"column":4}},"7":{"start":{"line":92,"column":4},"end":{"line":98,"column":6}},"8":{"start":{"line":101,"column":2},"end":{"line":110,"column":4}},"9":{"start":{"line":102,"column":4},"end":{"line":109,"column":6}},"10":{"start":{"line":112,"column":2},"end":{"line":122,"column":4}},"11":{"start":{"line":113,"column":23},"end":{"line":113,"column":41}},"12":{"start":{"line":114,"column":18},"end":{"line":119,"column":6}},"13":{"start":{"line":120,"column":4},"end":{"line":120,"column":47}},"14":{"start":{"line":121,"column":4},"end":{"line":121,"column":17}},"15":{"start":{"line":124,"column":2},"end":{"line":127,"column":4}},"16":{"start":{"line":125,"column":4},"end":{"line":125,"column":41}},"17":{"start":{"line":126,"column":4},"end":{"line":126,"column":24}},"18":{"start":{"line":129,"column":2},"end":{"line":134,"column":4}},"19":{"start":{"line":130,"column":4},"end":{"line":133,"column":5}},"20":{"start":{"line":131,"column":6},"end":{"line":131,"column":43}},"21":{"start":{"line":132,"column":6},"end":{"line":132,"column":26}},"22":{"start":{"line":136,"column":2},"end":{"line":146,"column":4}},"23":{"start":{"line":137,"column":23},"end":{"line":137,"column":41}},"24":{"start":{"line":138,"column":19},"end":{"line":144,"column":6}},"25":{"start":{"line":145,"column":4},"end":{"line":145,"column":20}},"26":{"start":{"line":149,"column":2},"end":{"line":151,"column":4}},"27":{"start":{"line":150,"column":4},"end":{"line":150,"column":42}},"28":{"start":{"line":153,"column":2},"end":{"line":155,"column":4}},"29":{"start":{"line":154,"column":4},"end":{"line":154,"column":51}},"30":{"start":{"line":157,"column":2},"end":{"line":166,"column":4}},"31":{"start":{"line":158,"column":4},"end":{"line":165,"column":7}},"32":{"start":{"line":168,"column":2},"end":{"line":173,"column":4}},"33":{"start":{"line":169,"column":18},"end":{"line":169,"column":36}},"34":{"start":{"line":170,"column":19},"end":{"line":170,"column":53}},"35":{"start":{"line":171,"column":21},"end":{"line":171,"column":57}},"36":{"start":{"line":172,"column":4},"end":{"line":172,"column":39}},"37":{"start":{"line":175,"column":2},"end":{"line":179,"column":4}},"38":{"start":{"line":176,"column":4},"end":{"line":178,"column":7}},"39":{"start":{"line":182,"column":2},"end":{"line":191,"column":4}},"40":{"start":{"line":183,"column":4},"end":{"line":190,"column":6}},"41":{"start":{"line":193,"column":2},"end":{"line":196,"column":4}},"42":{"start":{"line":194,"column":4},"end":{"line":194,"column":41}},"43":{"start":{"line":195,"column":4},"end":{"line":195,"column":24}},"44":{"start":{"line":198,"column":2},"end":{"line":203,"column":4}},"45":{"start":{"line":199,"column":4},"end":{"line":202,"column":5}},"46":{"start":{"line":200,"column":6},"end":{"line":200,"column":43}},"47":{"start":{"line":201,"column":6},"end":{"line":201,"column":26}},"48":{"start":{"line":205,"column":2},"end":{"line":215,"column":4}},"49":{"start":{"line":206,"column":23},"end":{"line":206,"column":41}},"50":{"start":{"line":207,"column":19},"end":{"line":213,"column":6}},"51":{"start":{"line":214,"column":4},"end":{"line":214,"column":20}},"52":{"start":{"line":217,"column":2},"end":{"line":219,"column":4}},"53":{"start":{"line":218,"column":4},"end":{"line":218,"column":42}},"54":{"start":{"line":221,"column":2},"end":{"line":223,"column":4}},"55":{"start":{"line":222,"column":4},"end":{"line":222,"column":51}},"56":{"start":{"line":225,"column":2},"end":{"line":225,"column":19}}},"fnMap":{"0":{"name":"(anonymous_0)","decl":{"start":{"line":3,"column":17},"end":{"line":3,"column":18}},"loc":{"start":{"line":3,"column":32},"end":{"line":226,"column":1}},"line":3},"1":{"name":"(anonymous_1)","decl":{"start":{"line":79,"column":19},"end":{"line":79,"column":20}},"loc":{"start":{"line":79,"column":40},"end":{"line":82,"column":7}},"line":79},"2":{"name":"(anonymous_2)","decl":{"start":{"line":87,"column":33},"end":{"line":87,"column":34}},"loc":{"start":{"line":87,"column":44},"end":{"line":89,"column":3}},"line":87},"3":{"name":"(anonymous_3)","decl":{"start":{"line":91,"column":33},"end":{"line":91,"column":34}},"loc":{"start":{"line":91,"column":44},"end":{"line":99,"column":3}},"line":91},"4":{"name":"(anonymous_4)","decl":{"start":{"line":101,"column":35},"end":{"line":101,"column":36}},"loc":{"start":{"line":101,"column":46},"end":{"line":110,"column":3}},"line":101},"5":{"name":"(anonymous_5)","decl":{"start":{"line":112,"column":42},"end":{"line":112,"column":43}},"loc":{"start":{"line":112,"column":59},"end":{"line":122,"column":3}},"line":112},"6":{"name":"(anonymous_6)","decl":{"start":{"line":124,"column":45},"end":{"line":124,"column":46}},"loc":{"start":{"line":124,"column":62},"end":{"line":127,"column":3}},"line":124},"7":{"name":"(anonymous_7)","decl":{"start":{"line":129,"column":45},"end":{"line":129,"column":46}},"loc":{"start":{"line":129,"column":62},"end":{"line":134,"column":3}},"line":129},"8":{"name":"(anonymous_8)","decl":{"start":{"line":136,"column":37},"end":{"line":136,"column":38}},"loc":{"start":{"line":136,"column":60},"end":{"line":146,"column":3}},"line":136},"9":{"name":"(anonymous_9)","decl":{"start":{"line":149,"column":25},"end":{"line":149,"column":26}},"loc":{"start":{"line":149,"column":36},"end":{"line":151,"column":3}},"line":149},"10":{"name":"(anonymous_10)","decl":{"start":{"line":153,"column":25},"end":{"line":153,"column":26}},"loc":{"start":{"line":153,"column":40},"end":{"line":155,"column":3}},"line":153},"11":{"name":"(anonymous_11)","decl":{"start":{"line":157,"column":21},"end":{"line":157,"column":22}},"loc":{"start":{"line":157,"column":37},"end":{"line":166,"column":3}},"line":157},"12":{"name":"(anonymous_12)","decl":{"start":{"line":168,"column":23},"end":{"line":168,"column":24}},"loc":{"start":{"line":168,"column":40},"end":{"line":173,"column":3}},"line":168},"13":{"name":"(anonymous_13)","decl":{"start":{"line":175,"column":28},"end":{"line":175,"column":29}},"loc":{"start":{"line":175,"column":48},"end":{"line":179,"column":3}},"line":175},"14":{"name":"(anonymous_14)","decl":{"start":{"line":182,"column":35},"end":{"line":182,"column":36}},"loc":{"start":{"line":182,"column":46},"end":{"line":191,"column":3}},"line":182},"15":{"name":"(anonymous_15)","decl":{"start":{"line":193,"column":45},"end":{"line":193,"column":46}},"loc":{"start":{"line":193,"column":62},"end":{"line":196,"column":3}},"line":193},"16":{"name":"(anonymous_16)","decl":{"start":{"line":198,"column":45},"end":{"line":198,"column":46}},"loc":{"start":{"line":198,"column":62},"end":{"line":203,"column":3}},"line":198},"17":{"name":"(anonymous_17)","decl":{"start":{"line":205,"column":37},"end":{"line":205,"column":38}},"loc":{"start":{"line":205,"column":60},"end":{"line":215,"column":3}},"line":205},"18":{"name":"(anonymous_18)","decl":{"start":{"line":217,"column":25},"end":{"line":217,"column":26}},"loc":{"start":{"line":217,"column":36},"end":{"line":219,"column":3}},"line":217},"19":{"name":"(anonymous_19)","decl":{"start":{"line":221,"column":25},"end":{"line":221,"column":26}},"loc":{"start":{"line":221,"column":40},"end":{"line":223,"column":3}},"line":221}},"branchMap":{"0":{"loc":{"start":{"line":130,"column":4},"end":{"line":133,"column":5}},"type":"if","locations":[{"start":{"line":130,"column":4},"end":{"line":133,"column":5}},{"start":{},"end":{}}],"line":130},"1":{"loc":{"start":{"line":199,"column":4},"end":{"line":202,"column":5}},"type":"if","locations":[{"start":{"line":199,"column":4},"end":{"line":202,"column":5}},{"start":{},"end":{}}],"line":199}},"s":{"0":7,"1":7,"2":7,"3":4,"4":7,"5":0,"6":7,"7":0,"8":7,"9":0,"10":7,"11":0,"12":0,"13":0,"14":0,"15":7,"16":0,"17":0,"18":7,"19":0,"20":0,"21":0,"22":7,"23":0,"24":0,"25":0,"26":7,"27":0,"28":7,"29":0,"30":7,"31":0,"32":7,"33":0,"34":0,"35":0,"36":0,"37":7,"38":0,"39":7,"40":0,"41":7,"42":0,"43":0,"44":7,"45":0,"46":0,"47":0,"48":7,"49":0,"50":0,"51":0,"52":7,"53":0,"54":7,"55":0,"56":7},"f":{"0":7,"1":4,"2":0,"3":0,"4":0,"5":0,"6":0,"7":0,"8":0,"9":0,"10":0,"11":0,"12":0,"13":0,"14":0,"15":0,"16":0,"17":0,"18":0,"19":0},"b":{"0":[0,0],"1":[0,0]},"_coverageSchema":"1a1c01bbd47fc00a2c39e90264f33305004495a9","hash":"730304a659e23f25eb11cb9d0232e39e2d6e6f19"}
,"/home/dan/web3/pfm-docker/backend/models/Member.js": {"path":"/home/dan/web3/pfm-docker/backend/models/Member.js","statementMap":{"0":{"start":{"line":1,"column":22},"end":{"line":1,"column":42}},"1":{"start":{"line":3,"column":0},"end":{"line":53,"column":2}},"2":{"start":{"line":4,"column":17},"end":{"line":51,"column":4}},"3":{"start":{"line":52,"column":2},"end":{"line":52,"column":16}}},"fnMap":{"0":{"name":"(anonymous_0)","decl":{"start":{"line":3,"column":17},"end":{"line":3,"column":18}},"loc":{"start":{"line":3,"column":32},"end":{"line":53,"column":1}},"line":3}},"branchMap":{},"s":{"0":7,"1":7,"2":7,"3":7},"f":{"0":7},"b":{},"_coverageSchema":"1a1c01bbd47fc00a2c39e90264f33305004495a9","hash":"caa5ef0d0123d143189a814f4ac332f9cf5711e4"}
,"/home/dan/web3/pfm-docker/backend/models/Session.js": {"path":"/home/dan/web3/pfm-docker/backend/models/Session.js","statementMap":{"0":{"start":{"line":1,"column":22},"end":{"line":1,"column":42}},"1":{"start":{"line":3,"column":0},"end":{"line":47,"column":2}},"2":{"start":{"line":4,"column":18},"end":{"line":45,"column":4}},"3":{"start":{"line":46,"column":2},"end":{"line":46,"column":17}}},"fnMap":{"0":{"name":"(anonymous_0)","decl":{"start":{"line":3,"column":17},"end":{"line":3,"column":18}},"loc":{"start":{"line":3,"column":32},"end":{"line":47,"column":1}},"line":3}},"branchMap":{},"s":{"0":7,"1":7,"2":7,"3":7},"f":{"0":7},"b":{},"_coverageSchema":"1a1c01bbd47fc00a2c39e90264f33305004495a9","hash":"b8498be49c1768a6e85f769419083f71a0f07247"}
,"/home/dan/web3/pfm-docker/backend/models/User.js": {"path":"/home/dan/web3/pfm-docker/backend/models/User.js","statementMap":{"0":{"start":{"line":1,"column":22},"end":{"line":1,"column":42}},"1":{"start":{"line":2,"column":15},"end":{"line":2,"column":32}},"2":{"start":{"line":4,"column":0},"end":{"line":107,"column":2}},"3":{"start":{"line":5,"column":15},"end":{"line":61,"column":4}},"4":{"start":{"line":56,"column":8},"end":{"line":58,"column":9}},"5":{"start":{"line":57,"column":10},"end":{"line":57,"column":63}},"6":{"start":{"line":64,"column":2},"end":{"line":67,"column":4}},"7":{"start":{"line":65,"column":4},"end":{"line":65,"column":35}},"8":{"start":{"line":66,"column":4},"end":{"line":66,"column":29}},"9":{"start":{"line":69,"column":2},"end":{"line":71,"column":4}},"10":{"start":{"line":70,"column":4},"end":{"line":70,"column":35}},"11":{"start":{"line":73,"column":2},"end":{"line":84,"column":4}},"12":{"start":{"line":74,"column":4},"end":{"line":83,"column":6}},"13":{"start":{"line":87,"column":2},"end":{"line":89,"column":4}},"14":{"start":{"line":88,"column":4},"end":{"line":88,"column":42}},"15":{"start":{"line":91,"column":2},"end":{"line":93,"column":4}},"16":{"start":{"line":92,"column":4},"end":{"line":92,"column":70}},"17":{"start":{"line":95,"column":2},"end":{"line":97,"column":4}},"18":{"start":{"line":96,"column":4},"end":{"line":96,"column":59}},"19":{"start":{"line":99,"column":2},"end":{"line":104,"column":4}},"20":{"start":{"line":100,"column":18},"end":{"line":100,"column":36}},"21":{"start":{"line":101,"column":19},"end":{"line":101,"column":53}},"22":{"start":{"line":102,"column":21},"end":{"line":102,"column":57}},"23":{"start":{"line":103,"column":4},"end":{"line":103,"column":39}},"24":{"start":{"line":106,"column":2},"end":{"line":106,"column":14}}},"fnMap":{"0":{"name":"(anonymous_0)","decl":{"start":{"line":4,"column":17},"end":{"line":4,"column":18}},"loc":{"start":{"line":4,"column":32},"end":{"line":107,"column":1}},"line":4},"1":{"name":"(anonymous_1)","decl":{"start":{"line":55,"column":18},"end":{"line":55,"column":19}},"loc":{"start":{"line":55,"column":34},"end":{"line":59,"column":7}},"line":55},"2":{"name":"(anonymous_2)","decl":{"start":{"line":64,"column":35},"end":{"line":64,"column":36}},"loc":{"start":{"line":64,"column":74},"end":{"line":67,"column":3}},"line":64},"3":{"name":"(anonymous_3)","decl":{"start":{"line":69,"column":28},"end":{"line":69,"column":29}},"loc":{"start":{"line":69,"column":39},"end":{"line":71,"column":3}},"line":69},"4":{"name":"(anonymous_4)","decl":{"start":{"line":73,"column":30},"end":{"line":73,"column":31}},"loc":{"start":{"line":73,"column":41},"end":{"line":84,"column":3}},"line":73},"5":{"name":"(anonymous_5)","decl":{"start":{"line":87,"column":20},"end":{"line":87,"column":21}},"loc":{"start":{"line":87,"column":31},"end":{"line":89,"column":3}},"line":87},"6":{"name":"(anonymous_6)","decl":{"start":{"line":91,"column":29},"end":{"line":91,"column":30}},"loc":{"start":{"line":91,"column":53},"end":{"line":93,"column":3}},"line":91},"7":{"name":"(anonymous_7)","decl":{"start":{"line":95,"column":24},"end":{"line":95,"column":25}},"loc":{"start":{"line":95,"column":43},"end":{"line":97,"column":3}},"line":95},"8":{"name":"(anonymous_8)","decl":{"start":{"line":99,"column":18},"end":{"line":99,"column":19}},"loc":{"start":{"line":99,"column":35},"end":{"line":104,"column":3}},"line":99}},"branchMap":{"0":{"loc":{"start":{"line":56,"column":8},"end":{"line":58,"column":9}},"type":"if","locations":[{"start":{"line":56,"column":8},"end":{"line":58,"column":9}},{"start":{},"end":{}}],"line":56},"1":{"loc":{"start":{"line":56,"column":12},"end":{"line":56,"column":53}},"type":"binary-expr","locations":[{"start":{"line":56,"column":12},"end":{"line":56,"column":36}},{"start":{"line":56,"column":40},"end":{"line":56,"column":53}}],"line":56},"2":{"loc":{"start":{"line":64,"column":50},"end":{"line":64,"column":72}},"type":"default-arg","locations":[{"start":{"line":64,"column":62},"end":{"line":64,"column":72}}],"line":64}},"s":{"0":7,"1":7,"2":7,"3":7,"4":34,"5":1,"6":7,"7":1,"8":1,"9":7,"10":2,"11":7,"12":1,"13":7,"14":2,"15":7,"16":2,"17":7,"18":2,"19":7,"20":1,"21":1,"22":1,"23":1,"24":7},"f":{"0":7,"1":34,"2":1,"3":2,"4":1,"5":2,"6":2,"7":2,"8":1},"b":{"0":[1,33],"1":[34,1],"2":[0]},"_coverageSchema":"1a1c01bbd47fc00a2c39e90264f33305004495a9","hash":"527cfa0f14816517a4ac5ffa1bde8ea15accc110"}
,"/home/dan/web3/pfm-docker/backend/models/Vote.js": {"path":"/home/dan/web3/pfm-docker/backend/models/Vote.js","statementMap":{"0":{"start":{"line":1,"column":22},"end":{"line":1,"column":42}},"1":{"start":{"line":3,"column":0},"end":{"line":40,"column":2}},"2":{"start":{"line":4,"column":15},"end":{"line":38,"column":4}},"3":{"start":{"line":39,"column":2},"end":{"line":39,"column":14}}},"fnMap":{"0":{"name":"(anonymous_0)","decl":{"start":{"line":3,"column":17},"end":{"line":3,"column":18}},"loc":{"start":{"line":3,"column":32},"end":{"line":40,"column":1}},"line":3}},"branchMap":{},"s":{"0":7,"1":7,"2":7,"3":7},"f":{"0":7},"b":{},"_coverageSchema":"1a1c01bbd47fc00a2c39e90264f33305004495a9","hash":"c15d4973ffaedf83984a9a582ef407813d9645ed"}
,"/home/dan/web3/pfm-docker/backend/models/VotingQuestion.js": {"path":"/home/dan/web3/pfm-docker/backend/models/VotingQuestion.js","statementMap":{"0":{"start":{"line":1,"column":22},"end":{"line":1,"column":42}},"1":{"start":{"line":3,"column":0},"end":{"line":76,"column":2}},"2":{"start":{"line":4,"column":25},"end":{"line":74,"column":4}},"3":{"start":{"line":75,"column":2},"end":{"line":75,"column":24}}},"fnMap":{"0":{"name":"(anonymous_0)","decl":{"start":{"line":3,"column":17},"end":{"line":3,"column":18}},"loc":{"start":{"line":3,"column":32},"end":{"line":76,"column":1}},"line":3}},"branchMap":{},"s":{"0":7,"1":7,"2":7,"3":7},"f":{"0":7},"b":{},"_coverageSchema":"1a1c01bbd47fc00a2c39e90264f33305004495a9","hash":"8116de29db4122d06b900437de0ab032d90b186e"}
,"/home/dan/web3/pfm-docker/backend/models/index.js": {"path":"/home/dan/web3/pfm-docker/backend/models/index.js","statementMap":{"0":{"start":{"line":1,"column":22},"end":{"line":1,"column":42}},"1":{"start":{"line":2,"column":15},"end":{"line":2,"column":44}},"2":{"start":{"line":5,"column":18},"end":{"line":16,"column":2}},"3":{"start":{"line":19,"column":13},"end":{"line":19,"column":52}},"4":{"start":{"line":20,"column":18},"end":{"line":20,"column":62}},"5":{"start":{"line":21,"column":15},"end":{"line":21,"column":56}},"6":{"start":{"line":22,"column":23},"end":{"line":22,"column":72}},"7":{"start":{"line":23,"column":13},"end":{"line":23,"column":52}},"8":{"start":{"line":24,"column":16},"end":{"line":24,"column":58}},"9":{"start":{"line":25,"column":18},"end":{"line":25,"column":62}},"10":{"start":{"line":28,"column":0},"end":{"line":28,"column":80}},"11":{"start":{"line":29,"column":0},"end":{"line":29,"column":68}},"12":{"start":{"line":31,"column":0},"end":{"line":31,"column":67}},"13":{"start":{"line":32,"column":0},"end":{"line":32,"column":62}},"14":{"start":{"line":34,"column":0},"end":{"line":34,"column":73}},"15":{"start":{"line":35,"column":0},"end":{"line":35,"column":77}},"16":{"start":{"line":37,"column":0},"end":{"line":37,"column":89}},"17":{"start":{"line":38,"column":0},"end":{"line":38,"column":85}},"18":{"start":{"line":40,"column":0},"end":{"line":40,"column":83}},"19":{"start":{"line":41,"column":0},"end":{"line":41,"column":76}},"20":{"start":{"line":43,"column":0},"end":{"line":43,"column":73}},"21":{"start":{"line":44,"column":0},"end":{"line":44,"column":84}},"22":{"start":{"line":46,"column":0},"end":{"line":46,"column":59}},"23":{"start":{"line":47,"column":0},"end":{"line":47,"column":60}},"24":{"start":{"line":49,"column":0},"end":{"line":49,"column":65}},"25":{"start":{"line":50,"column":0},"end":{"line":50,"column":63}},"26":{"start":{"line":53,"column":0},"end":{"line":53,"column":68}},"27":{"start":{"line":54,"column":0},"end":{"line":54,"column":65}},"28":{"start":{"line":56,"column":0},"end":{"line":56,"column":78}},"29":{"start":{"line":57,"column":0},"end":{"line":57,"column":80}},"30":{"start":{"line":59,"column":0},"end":{"line":59,"column":82}},"31":{"start":{"line":60,"column":0},"end":{"line":60,"column":83}},"32":{"start":{"line":63,"column":0},"end":{"line":73,"column":2}}},"fnMap":{},"branchMap":{},"s":{"0":7,"1":7,"2":7,"3":7,"4":7,"5":7,"6":7,"7":7,"8":7,"9":7,"10":7,"11":7,"12":7,"13":7,"14":7,"15":7,"16":7,"17":7,"18":7,"19":7,"20":7,"21":7,"22":7,"23":7,"24":7,"25":7,"26":7,"27":7,"28":7,"29":7,"30":7,"31":7,"32":7},"f":{},"b":{},"_coverageSchema":"1a1c01bbd47fc00a2c39e90264f33305004495a9","hash":"4472d3070cd62568a4dbdc0692666bd2f60a006d"}
}
