TN:
SF:database/connection.js
FN:6,createPool
FN:22,connectWithRetry
FN:23,(anonymous_2)
FN:24,attempt
FN:27,(anonymous_4)
FN:31,(anonymous_5)
FN:33,(anonymous_6)
FN:43,healthCheck
FN:55,(anonymous_8)
FNF:9
FNH:0
FNDA:0,createPool
FNDA:0,connectWithRetry
FNDA:0,(anonymous_2)
FNDA:0,attempt
FNDA:0,(anonymous_4)
FNDA:0,(anonymous_5)
FNDA:0,(anonymous_6)
FNDA:0,healthCheck
FNDA:0,(anonymous_8)
DA:1,0
DA:2,0
DA:7,0
DA:23,0
DA:25,0
DA:26,0
DA:28,0
DA:29,0
DA:32,0
DA:33,0
DA:35,0
DA:39,0
DA:44,0
DA:45,0
DA:46,0
DA:47,0
DA:48,0
DA:50,0
DA:54,0
DA:55,0
LF:20
LH:0
BRDA:13,0,0,0
BRDA:13,0,1,0
BRDA:22,1,0,0
BRDA:22,2,0,0
BRDA:32,3,0,0
BRDA:32,3,1,0
BRF:6
BRH:0
end_of_record
TN:
SF:database/pool.js
FN:5,getPool
FNF:1
FNH:0
FNDA:0,getPool
DA:1,0
DA:3,0
DA:6,0
DA:7,0
DA:9,0
DA:12,0
LF:6
LH:0
BRDA:6,0,0,0
BRDA:6,0,1,0
BRF:2
BRH:0
end_of_record
TN:
SF:database/seeders/communities.js
FN:4,(anonymous_0)
FN:29,seedCommunities
FNF:2
FNH:0
FNDA:0,(anonymous_0)
FNDA:0,seedCommunities
DA:1,0
DA:2,0
DA:4,0
DA:30,0
DA:31,0
DA:32,0
DA:35,0
LF:7
LH:0
BRF:0
BRH:0
end_of_record
TN:
SF:database/seeders/index.js
FN:7,runSeeders
FN:11,(anonymous_1)
FN:13,(anonymous_2)
FNF:3
FNH:0
FNDA:0,runSeeders
FNDA:0,(anonymous_1)
FNDA:0,(anonymous_2)
DA:1,0
DA:2,0
DA:3,0
DA:4,0
DA:5,0
DA:8,0
DA:9,0
DA:10,0
DA:11,0
DA:12,0
DA:13,0
DA:14,0
DA:15,0
DA:17,0
DA:19,0
DA:20,0
DA:22,0
DA:26,0
DA:27,0
DA:28,0
DA:31,0
LF:21
LH:0
BRDA:7,0,0,0
BRDA:26,1,0,0
BRDA:26,1,1,0
BRDA:27,2,0,0
BRDA:27,2,1,0
BRF:5
BRH:0
end_of_record
TN:
SF:database/seeders/members.js
FN:4,(anonymous_0)
FN:42,seedMembers
FNF:2
FNH:0
FNDA:0,(anonymous_0)
FNDA:0,seedMembers
DA:1,0
DA:2,0
DA:4,0
DA:43,0
DA:44,0
DA:45,0
DA:48,0
LF:7
LH:0
BRF:0
BRH:0
end_of_record
TN:
SF:database/seeders/users.js
FN:34,seedUsers
FNF:1
FNH:0
FNDA:0,seedUsers
DA:1,0
DA:2,0
DA:4,0
DA:35,0
DA:36,0
DA:39,0
LF:6
LH:0
BRF:0
BRH:0
end_of_record
TN:
SF:database/seeders/voting.js
FN:4,(anonymous_0)
FN:35,(anonymous_1)
FN:59,seedVoting
FN:62,(anonymous_3)
FNF:4
FNH:0
FNDA:0,(anonymous_0)
FNDA:0,(anonymous_1)
FNDA:0,seedVoting
FNDA:0,(anonymous_3)
DA:1,0
DA:2,0
DA:4,0
DA:35,0
DA:60,0
DA:61,0
DA:62,0
DA:63,0
DA:64,0
DA:65,0
DA:68,0
LF:11
LH:0
BRF:0
BRH:0
end_of_record
TN:
SF:models/Analytics.js
FN:3,(anonymous_0)
FNF:1
FNH:1
FNDA:7,(anonymous_0)
DA:1,7
DA:3,7
DA:4,7
DA:29,7
LF:4
LH:4
BRF:0
BRH:0
end_of_record
TN:
SF:models/Community.js
FN:3,(anonymous_0)
FN:79,(anonymous_1)
FN:87,(anonymous_2)
FN:91,(anonymous_3)
FN:101,(anonymous_4)
FN:112,(anonymous_5)
FN:124,(anonymous_6)
FN:129,(anonymous_7)
FN:136,(anonymous_8)
FN:149,(anonymous_9)
FN:153,(anonymous_10)
FN:157,(anonymous_11)
FN:168,(anonymous_12)
FN:175,(anonymous_13)
FN:182,(anonymous_14)
FN:193,(anonymous_15)
FN:198,(anonymous_16)
FN:205,(anonymous_17)
FN:217,(anonymous_18)
FN:221,(anonymous_19)
FNF:20
FNH:2
FNDA:7,(anonymous_0)
FNDA:4,(anonymous_1)
FNDA:0,(anonymous_2)
FNDA:0,(anonymous_3)
FNDA:0,(anonymous_4)
FNDA:0,(anonymous_5)
FNDA:0,(anonymous_6)
FNDA:0,(anonymous_7)
FNDA:0,(anonymous_8)
FNDA:0,(anonymous_9)
FNDA:0,(anonymous_10)
FNDA:0,(anonymous_11)
FNDA:0,(anonymous_12)
FNDA:0,(anonymous_13)
FNDA:0,(anonymous_14)
FNDA:0,(anonymous_15)
FNDA:0,(anonymous_16)
FNDA:0,(anonymous_17)
FNDA:0,(anonymous_18)
FNDA:0,(anonymous_19)
DA:1,7
DA:3,7
DA:4,7
DA:81,4
DA:87,7
DA:88,0
DA:91,7
DA:92,0
DA:101,7
DA:102,0
DA:112,7
DA:113,0
DA:114,0
DA:120,0
DA:121,0
DA:124,7
DA:125,0
DA:126,0
DA:129,7
DA:130,0
DA:131,0
DA:132,0
DA:136,7
DA:137,0
DA:138,0
DA:145,0
DA:149,7
DA:150,0
DA:153,7
DA:154,0
DA:157,7
DA:158,0
DA:168,7
DA:169,0
DA:170,0
DA:171,0
DA:172,0
DA:175,7
DA:176,0
DA:182,7
DA:183,0
DA:193,7
DA:194,0
DA:195,0
DA:198,7
DA:199,0
DA:200,0
DA:201,0
DA:205,7
DA:206,0
DA:207,0
DA:214,0
DA:217,7
DA:218,0
DA:221,7
DA:222,0
DA:225,7
LF:57
LH:23
BRDA:130,0,0,0
BRDA:130,0,1,0
BRDA:199,1,0,0
BRDA:199,1,1,0
BRF:4
BRH:0
end_of_record
TN:
SF:models/Member.js
FN:3,(anonymous_0)
FNF:1
FNH:1
FNDA:7,(anonymous_0)
DA:1,7
DA:3,7
DA:4,7
DA:52,7
LF:4
LH:4
BRF:0
BRH:0
end_of_record
TN:
SF:models/Session.js
FN:3,(anonymous_0)
FNF:1
FNH:1
FNDA:7,(anonymous_0)
DA:1,7
DA:3,7
DA:4,7
DA:46,7
LF:4
LH:4
BRF:0
BRH:0
end_of_record
TN:
SF:models/User.js
FN:4,(anonymous_0)
FN:55,(anonymous_1)
FN:64,(anonymous_2)
FN:69,(anonymous_3)
FN:73,(anonymous_4)
FN:87,(anonymous_5)
FN:91,(anonymous_6)
FN:95,(anonymous_7)
FN:99,(anonymous_8)
FNF:9
FNH:9
FNDA:7,(anonymous_0)
FNDA:34,(anonymous_1)
FNDA:1,(anonymous_2)
FNDA:2,(anonymous_3)
FNDA:1,(anonymous_4)
FNDA:2,(anonymous_5)
FNDA:2,(anonymous_6)
FNDA:2,(anonymous_7)
FNDA:1,(anonymous_8)
DA:1,7
DA:2,7
DA:4,7
DA:5,7
DA:56,34
DA:57,1
DA:64,7
DA:65,1
DA:66,1
DA:69,7
DA:70,2
DA:73,7
DA:74,1
DA:87,7
DA:88,2
DA:91,7
DA:92,2
DA:95,7
DA:96,2
DA:99,7
DA:100,1
DA:101,1
DA:102,1
DA:103,1
DA:106,7
LF:25
LH:25
BRDA:56,0,0,1
BRDA:56,0,1,33
BRDA:56,1,0,34
BRDA:56,1,1,1
BRDA:64,2,0,0
BRF:5
BRH:4
end_of_record
TN:
SF:models/Vote.js
FN:3,(anonymous_0)
FNF:1
FNH:1
FNDA:7,(anonymous_0)
DA:1,7
DA:3,7
DA:4,7
DA:39,7
LF:4
LH:4
BRF:0
BRH:0
end_of_record
TN:
SF:models/VotingQuestion.js
FN:3,(anonymous_0)
FNF:1
FNH:1
FNDA:7,(anonymous_0)
DA:1,7
DA:3,7
DA:4,7
DA:75,7
LF:4
LH:4
BRF:0
BRH:0
end_of_record
TN:
SF:models/index.js
FNF:0
FNH:0
DA:1,7
DA:2,7
DA:5,7
DA:19,7
DA:20,7
DA:21,7
DA:22,7
DA:23,7
DA:24,7
DA:25,7
DA:28,7
DA:29,7
DA:31,7
DA:32,7
DA:34,7
DA:35,7
DA:37,7
DA:38,7
DA:40,7
DA:41,7
DA:43,7
DA:44,7
DA:46,7
DA:47,7
DA:49,7
DA:50,7
DA:53,7
DA:54,7
DA:56,7
DA:57,7
DA:59,7
DA:60,7
DA:63,7
LF:33
LH:33
BRF:0
BRH:0
end_of_record
